[2025-06-18 17:39:48,757] multiqc                                            [DEBUG  ]  No MultiQC config found: /cluster/home/saleka/miniconda3/envs/ethepigen/lib/python3.5/site-packages/multiqc_config.yaml
[2025-06-18 17:39:48,761] multiqc                                            [DEBUG  ]  No MultiQC config found: /cluster/home/saleka/.multiqc_config.yaml
[2025-06-18 17:39:48,762] multiqc                                            [DEBUG  ]  No MultiQC config found: multiqc_config.yaml
[2025-06-18 17:39:48,762] multiqc                                            [DEBUG  ]  Command used: /cluster/home/saleka/miniconda3/envs/ethepigen/bin/multiqc -o qc_raw_new qc_raw_new
[2025-06-18 17:39:48,802] multiqc                                            [DEBUG  ]  Could not connect to multiqc.info for version check: <urlopen error [Errno 111] Connection refused>
[2025-06-18 17:39:48,802] multiqc                                            [INFO   ]  This is MultiQC v1.7
[2025-06-18 17:39:48,803] multiqc                                            [DEBUG  ]  Command     : /cluster/home/saleka/miniconda3/envs/ethepigen/bin/multiqc -o qc_raw_new qc_raw_new
[2025-06-18 17:39:48,803] multiqc                                            [DEBUG  ]  Working dir : /cluster/scratch/saleka
[2025-06-18 17:39:48,803] multiqc                                            [INFO   ]  Template    : default
[2025-06-18 17:39:48,803] multiqc                                            [INFO   ]  Searching 'qc_raw_new'
[2025-06-18 17:39:48,804] multiqc                                            [DEBUG  ]  Analysing modules: custom_content, conpair, peddy, methylQA, phantompeakqualtools, qualimap, preseq, quast, qorts, rna_seqc, rsem, rseqc, busco, goleft_indexcov, disambiguate, supernova, deeptools, sargasso, verifybamid, mirtrace, happy, homer, macs2, theta2, snpeff, gatk, htseq, bcftools, featureCounts, dedup, damageprofiler, picard, prokka, samblaster, samtools, bamtools, jellyfish, vcftools, longranger, stacks, bbmap, bismark, biscuit, hicexplorer, hicup, hicpro, salmon, kallisto, slamdunk, star, hisat2, tophat, bowtie2, bowtie1, kat, leehom, adapterRemoval, clipandmerge, cutadapt, flexbar, trimmomatic, skewer, sortmerna, biobloomtools, fastq_screen, afterqc, fastp, fastqc, minionqc, clusterflow, bcl2fastq, interop, flash
[2025-06-18 17:39:48,804] multiqc                                            [DEBUG  ]  Using temporary directory for creating report: /scratch/tmp.34756724.saleka/tmp5842y5g6
[2025-06-18 17:39:49,094] multiqc                                            [DEBUG  ]  Ignoring file as matched an ignore pattern: SRR15343189_2_fastqc.html
[2025-06-18 17:39:49,098] multiqc                                            [DEBUG  ]  Ignoring file as matched an ignore pattern: SRR14371953_2_fastqc.html
[2025-06-18 17:39:49,117] multiqc                                            [DEBUG  ]  Ignoring file as matched an ignore pattern: SRR14371956_1_fastqc.html
[2025-06-18 17:39:49,117] multiqc                                            [DEBUG  ]  Ignoring file as matched an ignore pattern: SRR15343190_2_fastqc.html
[2025-06-18 17:39:49,122] multiqc                                            [DEBUG  ]  Ignoring file as matched an ignore pattern: SRR14371957_1_fastqc.html
[2025-06-18 17:39:49,124] multiqc                                            [DEBUG  ]  Ignoring file as matched an ignore pattern: SRR15343192_2_fastqc.html
[2025-06-18 17:39:49,124] multiqc                                            [DEBUG  ]  Ignoring file as matched an ignore pattern: SRR15343192_1_fastqc.html
[2025-06-18 17:39:49,129] multiqc                                            [DEBUG  ]  Ignoring file as matched an ignore pattern: SRR14371955_2_fastqc.html
[2025-06-18 17:39:49,130] multiqc                                            [DEBUG  ]  Ignoring file as matched an ignore pattern: SRR15343190_1_fastqc.html
[2025-06-18 17:39:49,135] multiqc                                            [DEBUG  ]  Ignoring file as matched an ignore pattern: SRR14371954_2_fastqc.html
[2025-06-18 17:39:49,139] multiqc                                            [DEBUG  ]  Ignoring file as matched an ignore pattern: SRR15343191_1_fastqc.html
[2025-06-18 17:39:49,142] multiqc                                            [DEBUG  ]  Ignoring file as matched an ignore pattern: SRR14371953_1_fastqc.html
[2025-06-18 17:39:49,142] multiqc                                            [DEBUG  ]  Ignoring file as matched an ignore pattern: SRR14371954_1_fastqc.html
[2025-06-18 17:39:49,143] multiqc                                            [DEBUG  ]  Ignoring file as matched an ignore pattern: SRR15343193_2_fastqc.html
[2025-06-18 17:39:49,144] multiqc                                            [DEBUG  ]  Ignoring file as matched an ignore pattern: SRR15343194_2_fastqc.html
[2025-06-18 17:39:49,147] multiqc                                            [DEBUG  ]  Ignoring file as matched an ignore pattern: SRR15343193_1_fastqc.html
[2025-06-18 17:39:49,149] multiqc                                            [DEBUG  ]  Ignoring file as matched an ignore pattern: SRR14371957_2_fastqc.html
[2025-06-18 17:39:49,149] multiqc                                            [DEBUG  ]  Ignoring file as matched an ignore pattern: SRR15343195_2_fastqc.html
[2025-06-18 17:39:49,150] multiqc                                            [DEBUG  ]  Ignoring file as matched an ignore pattern: SRR14371955_1_fastqc.html
[2025-06-18 17:39:49,151] multiqc                                            [DEBUG  ]  Ignoring file as matched an ignore pattern: SRR15343194_1_fastqc.html
[2025-06-18 17:39:49,151] multiqc                                            [DEBUG  ]  Ignoring file as matched an ignore pattern: SRR15343191_2_fastqc.html
[2025-06-18 17:39:49,153] multiqc                                            [DEBUG  ]  Ignoring file as matched an ignore pattern: SRR15343195_1_fastqc.html
[2025-06-18 17:39:49,156] multiqc                                            [DEBUG  ]  Ignoring file as matched an ignore pattern: SRR14371956_2_fastqc.html
[2025-06-18 17:39:49,157] multiqc                                            [DEBUG  ]  Ignoring file as matched an ignore pattern: SRR15343189_1_fastqc.html
[2025-06-18 17:39:50,980] multiqc                                            [DEBUG  ]  No samples found: custom_content
[2025-06-18 17:39:51,040] multiqc                                            [DEBUG  ]  No samples found: conpair
[2025-06-18 17:39:51,089] multiqc                                            [DEBUG  ]  No samples found: peddy
[2025-06-18 17:39:51,105] multiqc                                            [DEBUG  ]  No samples found: methylQA
[2025-06-18 17:39:51,131] multiqc                                            [DEBUG  ]  No samples found: phantompeakqualtools
[2025-06-18 17:39:51,167] multiqc                                            [DEBUG  ]  No samples found: qualimap
[2025-06-18 17:39:51,188] multiqc                                            [DEBUG  ]  No samples found: preseq
[2025-06-18 17:39:51,220] multiqc                                            [DEBUG  ]  No samples found: quast
[2025-06-18 17:39:51,238] multiqc                                            [DEBUG  ]  No samples found: qorts
[2025-06-18 17:39:51,280] multiqc                                            [DEBUG  ]  No samples found: rna_seqc
[2025-06-18 17:39:51,297] multiqc                                            [DEBUG  ]  No samples found: rsem
[2025-06-18 17:39:51,376] multiqc                                            [DEBUG  ]  No samples found: rseqc
[2025-06-18 17:39:51,398] multiqc                                            [DEBUG  ]  No samples found: busco
[2025-06-18 17:39:51,409] multiqc                                            [DEBUG  ]  No samples found: goleft_indexcov
[2025-06-18 17:39:51,420] multiqc                                            [DEBUG  ]  No samples found: disambiguate
[2025-06-18 17:39:51,427] multiqc                                            [DEBUG  ]  No samples found: supernova
[2025-06-18 17:39:51,497] multiqc                                            [DEBUG  ]  No samples found: deeptools
[2025-06-18 17:39:51,527] multiqc                                            [DEBUG  ]  No samples found: sargasso
[2025-06-18 17:39:51,554] multiqc                                            [DEBUG  ]  No samples found: verifybamid
[2025-06-18 17:39:51,591] multiqc                                            [DEBUG  ]  No samples found: mirtrace
[2025-06-18 17:39:51,603] multiqc                                            [DEBUG  ]  No samples found: happy
[2025-06-18 17:39:51,639] multiqc                                            [DEBUG  ]  No samples found: homer
[2025-06-18 17:39:51,673] multiqc                                            [DEBUG  ]  No samples found: macs2
[2025-06-18 17:39:51,703] multiqc                                            [DEBUG  ]  No samples found: theta2
[2025-06-18 17:39:51,716] multiqc                                            [DEBUG  ]  No samples found: snpeff
[2025-06-18 17:39:51,764] multiqc                                            [DEBUG  ]  No samples found: gatk
[2025-06-18 17:39:51,776] multiqc                                            [DEBUG  ]  No samples found: htseq
[2025-06-18 17:39:51,796] multiqc                                            [DEBUG  ]  No samples found: bcftools
[2025-06-18 17:39:51,828] multiqc                                            [DEBUG  ]  No samples found: featureCounts
[2025-06-18 17:39:51,842] multiqc                                            [DEBUG  ]  No samples found: dedup
[2025-06-18 17:39:51,873] multiqc                                            [DEBUG  ]  No samples found: damageprofiler
[2025-06-18 17:39:51,943] multiqc                                            [DEBUG  ]  No samples found: picard
[2025-06-18 17:39:51,965] multiqc                                            [DEBUG  ]  No samples found: prokka
[2025-06-18 17:39:51,985] multiqc                                            [DEBUG  ]  No samples found: samblaster
[2025-06-18 17:39:52,008] multiqc                                            [DEBUG  ]  No samples found: samtools
[2025-06-18 17:39:52,032] multiqc                                            [DEBUG  ]  No samples found: bamtools
[2025-06-18 17:39:52,040] multiqc                                            [DEBUG  ]  No samples found: jellyfish
[2025-06-18 17:39:52,087] multiqc                                            [DEBUG  ]  No samples found: vcftools
[2025-06-18 17:39:52,108] multiqc                                            [DEBUG  ]  No samples found: longranger
[2025-06-18 17:39:52,116] multiqc                                            [DEBUG  ]  No samples found: stacks
[2025-06-18 17:39:52,172] multiqc                                            [DEBUG  ]  No samples found: bbmap
[2025-06-18 17:39:52,186] multiqc                                            [DEBUG  ]  No samples found: bismark
[2025-06-18 17:39:52,194] multiqc                                            [DEBUG  ]  No samples found: biscuit
[2025-06-18 17:39:52,202] multiqc                                            [DEBUG  ]  No samples found: hicexplorer
[2025-06-18 17:39:52,213] multiqc                                            [DEBUG  ]  No samples found: hicup
[2025-06-18 17:39:52,225] multiqc                                            [DEBUG  ]  No samples found: hicpro
[2025-06-18 17:39:52,234] multiqc                                            [DEBUG  ]  No samples found: salmon
[2025-06-18 17:39:52,246] multiqc                                            [DEBUG  ]  No samples found: kallisto
[2025-06-18 17:39:52,258] multiqc                                            [DEBUG  ]  No samples found: slamdunk
[2025-06-18 17:39:52,269] multiqc                                            [DEBUG  ]  No samples found: star
[2025-06-18 17:39:52,292] multiqc                                            [DEBUG  ]  No samples found: hisat2
[2025-06-18 17:39:52,321] multiqc                                            [DEBUG  ]  No samples found: tophat
[2025-06-18 17:39:52,329] multiqc                                            [DEBUG  ]  No samples found: bowtie2
[2025-06-18 17:39:52,354] multiqc                                            [DEBUG  ]  No samples found: bowtie1
[2025-06-18 17:39:52,375] multiqc                                            [DEBUG  ]  No samples found: kat
[2025-06-18 17:39:52,399] multiqc                                            [DEBUG  ]  No samples found: leehom
[2025-06-18 17:39:52,408] multiqc                                            [DEBUG  ]  No samples found: adapterRemoval
[2025-06-18 17:39:52,435] multiqc                                            [DEBUG  ]  No samples found: clipandmerge
[2025-06-18 17:39:52,463] multiqc                                            [DEBUG  ]  No samples found: cutadapt
[2025-06-18 17:39:52,520] multiqc                                            [DEBUG  ]  No samples found: flexbar
[2025-06-18 17:39:52,561] multiqc                                            [DEBUG  ]  No samples found: trimmomatic
[2025-06-18 17:39:52,600] multiqc                                            [DEBUG  ]  No samples found: skewer
[2025-06-18 17:39:52,614] multiqc                                            [DEBUG  ]  No samples found: sortmerna
[2025-06-18 17:39:52,634] multiqc                                            [DEBUG  ]  No samples found: biobloomtools
[2025-06-18 17:39:52,682] multiqc                                            [DEBUG  ]  No samples found: fastq_screen
[2025-06-18 17:39:52,712] multiqc                                            [DEBUG  ]  No samples found: afterqc
[2025-06-18 17:39:52,725] multiqc                                            [DEBUG  ]  No samples found: fastp
[2025-06-18 17:39:53,784] multiqc.modules.fastqc.fastqc                      [INFO   ]  Found 24 reports
[2025-06-18 17:39:53,974] multiqc                                            [DEBUG  ]  No samples found: minionqc
[2025-06-18 17:39:54,005] multiqc                                            [DEBUG  ]  No samples found: clusterflow
[2025-06-18 17:39:54,038] multiqc                                            [DEBUG  ]  No samples found: bcl2fastq
[2025-06-18 17:39:54,076] multiqc                                            [DEBUG  ]  No samples found: interop
[2025-06-18 17:39:54,099] multiqc                                            [DEBUG  ]  No samples found: flash
[2025-06-18 17:39:54,128] multiqc                                            [INFO   ]  Compressing plot data
[2025-06-18 17:39:54,490] multiqc                                            [INFO   ]  Report      : qc_raw_new/multiqc_report.html
[2025-06-18 17:39:54,490] multiqc                                            [INFO   ]  Data        : qc_raw_new/multiqc_data
[2025-06-18 17:39:54,491] multiqc                                            [DEBUG  ]  Moving data file from '/scratch/tmp.34756724.saleka/tmp5842y5g6/multiqc_data/multiqc_fastqc.txt' to 'qc_raw_new/multiqc_data'
[2025-06-18 17:39:54,495] multiqc                                            [DEBUG  ]  Moving data file from '/scratch/tmp.34756724.saleka/tmp5842y5g6/multiqc_data/multiqc_general_stats.txt' to 'qc_raw_new/multiqc_data'
[2025-06-18 17:39:54,499] multiqc                                            [DEBUG  ]  Moving data file from '/scratch/tmp.34756724.saleka/tmp5842y5g6/multiqc_data/multiqc_sources.txt' to 'qc_raw_new/multiqc_data'
[2025-06-18 17:39:54,504] multiqc                                            [DEBUG  ]  Moving data file from '/scratch/tmp.34756724.saleka/tmp5842y5g6/multiqc_data/multiqc_data.json' to 'qc_raw_new/multiqc_data'
[2025-06-18 17:39:56,125] multiqc                                            [INFO   ]  MultiQC complete
