[2025-06-19 08:03:29,113] multiqc                                            [DEBUG  ]  No MultiQC config found: /cluster/home/saleka/miniconda3/envs/ethepigen/lib/python3.5/site-packages/multiqc_config.yaml
[2025-06-19 08:03:29,114] multiqc                                            [DEBUG  ]  No MultiQC config found: /cluster/home/saleka/.multiqc_config.yaml
[2025-06-19 08:03:29,114] multiqc                                            [DEBUG  ]  No MultiQC config found: multiqc_config.yaml
[2025-06-19 08:03:29,114] multiqc                                            [DEBUG  ]  Command used: /cluster/home/saleka/miniconda3/envs/ethepigen/bin/multiqc -o qc_trimmed_new qc_trimmed_new
[2025-06-19 08:03:29,149] multiqc                                            [DEBUG  ]  Could not connect to multiqc.info for version check: <urlopen error [Errno 111] Connection refused>
[2025-06-19 08:03:29,149] multiqc                                            [INFO   ]  This is MultiQC v1.7
[2025-06-19 08:03:29,149] multiqc                                            [DEBUG  ]  Command     : /cluster/home/saleka/miniconda3/envs/ethepigen/bin/multiqc -o qc_trimmed_new qc_trimmed_new
[2025-06-19 08:03:29,150] multiqc                                            [DEBUG  ]  Working dir : /cluster/scratch/saleka
[2025-06-19 08:03:29,150] multiqc                                            [INFO   ]  Template    : default
[2025-06-19 08:03:29,150] multiqc                                            [INFO   ]  Searching 'qc_trimmed_new'
[2025-06-19 08:03:29,150] multiqc                                            [DEBUG  ]  Analysing modules: custom_content, conpair, peddy, methylQA, phantompeakqualtools, qualimap, preseq, quast, qorts, rna_seqc, rsem, rseqc, busco, goleft_indexcov, disambiguate, supernova, deeptools, sargasso, verifybamid, mirtrace, happy, homer, macs2, theta2, snpeff, gatk, htseq, bcftools, featureCounts, dedup, damageprofiler, picard, prokka, samblaster, samtools, bamtools, jellyfish, vcftools, longranger, stacks, bbmap, bismark, biscuit, hicexplorer, hicup, hicpro, salmon, kallisto, slamdunk, star, hisat2, tophat, bowtie2, bowtie1, kat, leehom, adapterRemoval, clipandmerge, cutadapt, flexbar, trimmomatic, skewer, sortmerna, biobloomtools, fastq_screen, afterqc, fastp, fastqc, minionqc, clusterflow, bcl2fastq, interop, flash
[2025-06-19 08:03:29,150] multiqc                                            [DEBUG  ]  Using temporary directory for creating report: /scratch/tmp.34830801.saleka/tmpd_oi9qr3
[2025-06-19 08:03:29,255] multiqc                                            [DEBUG  ]  Ignoring file as matched an ignore pattern: SRR15343191_2P_fastqc.html
[2025-06-19 08:03:29,256] multiqc                                            [DEBUG  ]  Ignoring file as matched an ignore pattern: SRR15343190_2P_fastqc.html
[2025-06-19 08:03:29,257] multiqc                                            [DEBUG  ]  Ignoring file as matched an ignore pattern: SRR14371954_2P_fastqc.html
[2025-06-19 08:03:29,258] multiqc                                            [DEBUG  ]  Ignoring file as matched an ignore pattern: SRR15343194_1P_fastqc.html
[2025-06-19 08:03:29,258] multiqc                                            [DEBUG  ]  Ignoring file as matched an ignore pattern: SRR15343195_1P_fastqc.html
[2025-06-19 08:03:29,270] multiqc                                            [DEBUG  ]  Ignoring file as matched an ignore pattern: SRR14371954_1P_fastqc.html
[2025-06-19 08:03:29,274] multiqc                                            [DEBUG  ]  Ignoring file as matched an ignore pattern: SRR15343189_1P_fastqc.html
[2025-06-19 08:03:29,275] multiqc                                            [DEBUG  ]  Ignoring file as matched an ignore pattern: SRR15343192_1P_fastqc.html
[2025-06-19 08:03:29,276] multiqc                                            [DEBUG  ]  Ignoring file as matched an ignore pattern: SRR15343193_2P_fastqc.html
[2025-06-19 08:03:29,280] multiqc                                            [DEBUG  ]  Ignoring file as matched an ignore pattern: SRR14371956_1P_fastqc.html
[2025-06-19 08:03:29,281] multiqc                                            [DEBUG  ]  Ignoring file as matched an ignore pattern: SRR15343192_2P_fastqc.html
[2025-06-19 08:03:29,282] multiqc                                            [DEBUG  ]  Ignoring file as matched an ignore pattern: SRR15343194_2P_fastqc.html
[2025-06-19 08:03:29,283] multiqc                                            [DEBUG  ]  Ignoring file as matched an ignore pattern: SRR14371957_1P_fastqc.html
[2025-06-19 08:03:29,287] multiqc                                            [DEBUG  ]  Ignoring file as matched an ignore pattern: SRR14371956_2P_fastqc.html
[2025-06-19 08:03:29,290] multiqc                                            [DEBUG  ]  Ignoring file as matched an ignore pattern: SRR14371953_1P_fastqc.html
[2025-06-19 08:03:29,292] multiqc                                            [DEBUG  ]  Ignoring file as matched an ignore pattern: SRR14371957_2P_fastqc.html
[2025-06-19 08:03:29,292] multiqc                                            [DEBUG  ]  Ignoring file as matched an ignore pattern: SRR14371955_1P_fastqc.html
[2025-06-19 08:03:29,293] multiqc                                            [DEBUG  ]  Ignoring file as matched an ignore pattern: SRR15343191_1P_fastqc.html
[2025-06-19 08:03:29,294] multiqc                                            [DEBUG  ]  Ignoring file as matched an ignore pattern: SRR15343190_1P_fastqc.html
[2025-06-19 08:03:29,295] multiqc                                            [DEBUG  ]  Ignoring file as matched an ignore pattern: SRR14371955_2P_fastqc.html
[2025-06-19 08:03:29,304] multiqc                                            [DEBUG  ]  Ignoring file as matched an ignore pattern: SRR15343189_2P_fastqc.html
[2025-06-19 08:03:29,305] multiqc                                            [DEBUG  ]  Ignoring file as matched an ignore pattern: SRR14371953_2P_fastqc.html
[2025-06-19 08:03:29,305] multiqc                                            [DEBUG  ]  Ignoring file as matched an ignore pattern: SRR15343195_2P_fastqc.html
[2025-06-19 08:03:29,307] multiqc                                            [DEBUG  ]  Ignoring file as matched an ignore pattern: SRR15343193_1P_fastqc.html
[2025-06-19 08:03:29,802] multiqc                                            [DEBUG  ]  No samples found: custom_content
[2025-06-19 08:03:29,809] multiqc                                            [DEBUG  ]  No samples found: conpair
[2025-06-19 08:03:29,841] multiqc                                            [DEBUG  ]  No samples found: peddy
[2025-06-19 08:03:29,846] multiqc                                            [DEBUG  ]  No samples found: methylQA
[2025-06-19 08:03:29,853] multiqc                                            [DEBUG  ]  No samples found: phantompeakqualtools
[2025-06-19 08:03:29,862] multiqc                                            [DEBUG  ]  No samples found: qualimap
[2025-06-19 08:03:29,868] multiqc                                            [DEBUG  ]  No samples found: preseq
[2025-06-19 08:03:29,875] multiqc                                            [DEBUG  ]  No samples found: quast
[2025-06-19 08:03:29,881] multiqc                                            [DEBUG  ]  No samples found: qorts
[2025-06-19 08:03:29,888] multiqc                                            [DEBUG  ]  No samples found: rna_seqc
[2025-06-19 08:03:29,894] multiqc                                            [DEBUG  ]  No samples found: rsem
[2025-06-19 08:03:29,910] multiqc                                            [DEBUG  ]  No samples found: rseqc
[2025-06-19 08:03:29,916] multiqc                                            [DEBUG  ]  No samples found: busco
[2025-06-19 08:03:29,922] multiqc                                            [DEBUG  ]  No samples found: goleft_indexcov
[2025-06-19 08:03:29,929] multiqc                                            [DEBUG  ]  No samples found: disambiguate
[2025-06-19 08:03:29,936] multiqc                                            [DEBUG  ]  No samples found: supernova
[2025-06-19 08:03:29,953] multiqc                                            [DEBUG  ]  No samples found: deeptools
[2025-06-19 08:03:29,961] multiqc                                            [DEBUG  ]  No samples found: sargasso
[2025-06-19 08:03:29,967] multiqc                                            [DEBUG  ]  No samples found: verifybamid
[2025-06-19 08:03:29,973] multiqc                                            [DEBUG  ]  No samples found: mirtrace
[2025-06-19 08:03:29,980] multiqc                                            [DEBUG  ]  No samples found: happy
[2025-06-19 08:03:29,989] multiqc                                            [DEBUG  ]  No samples found: homer
[2025-06-19 08:03:29,996] multiqc                                            [DEBUG  ]  No samples found: macs2
[2025-06-19 08:03:30,003] multiqc                                            [DEBUG  ]  No samples found: theta2
[2025-06-19 08:03:30,010] multiqc                                            [DEBUG  ]  No samples found: snpeff
[2025-06-19 08:03:30,018] multiqc                                            [DEBUG  ]  No samples found: gatk
[2025-06-19 08:03:30,025] multiqc                                            [DEBUG  ]  No samples found: htseq
[2025-06-19 08:03:30,032] multiqc                                            [DEBUG  ]  No samples found: bcftools
[2025-06-19 08:03:30,039] multiqc                                            [DEBUG  ]  No samples found: featureCounts
[2025-06-19 08:03:30,045] multiqc                                            [DEBUG  ]  No samples found: dedup
[2025-06-19 08:03:30,051] multiqc                                            [DEBUG  ]  No samples found: damageprofiler
[2025-06-19 08:03:30,073] multiqc                                            [DEBUG  ]  No samples found: picard
[2025-06-19 08:03:30,079] multiqc                                            [DEBUG  ]  No samples found: prokka
[2025-06-19 08:03:30,086] multiqc                                            [DEBUG  ]  No samples found: samblaster
[2025-06-19 08:03:30,096] multiqc                                            [DEBUG  ]  No samples found: samtools
[2025-06-19 08:03:30,104] multiqc                                            [DEBUG  ]  No samples found: bamtools
[2025-06-19 08:03:30,111] multiqc                                            [DEBUG  ]  No samples found: jellyfish
[2025-06-19 08:03:30,121] multiqc                                            [DEBUG  ]  No samples found: vcftools
[2025-06-19 08:03:30,127] multiqc                                            [DEBUG  ]  No samples found: longranger
[2025-06-19 08:03:30,134] multiqc                                            [DEBUG  ]  No samples found: stacks
[2025-06-19 08:03:30,152] multiqc                                            [DEBUG  ]  No samples found: bbmap
[2025-06-19 08:03:30,160] multiqc                                            [DEBUG  ]  No samples found: bismark
[2025-06-19 08:03:30,167] multiqc                                            [DEBUG  ]  No samples found: biscuit
[2025-06-19 08:03:30,173] multiqc                                            [DEBUG  ]  No samples found: hicexplorer
[2025-06-19 08:03:30,179] multiqc                                            [DEBUG  ]  No samples found: hicup
[2025-06-19 08:03:30,187] multiqc                                            [DEBUG  ]  No samples found: hicpro
[2025-06-19 08:03:30,194] multiqc                                            [DEBUG  ]  No samples found: salmon
[2025-06-19 08:03:30,200] multiqc                                            [DEBUG  ]  No samples found: kallisto
[2025-06-19 08:03:30,207] multiqc                                            [DEBUG  ]  No samples found: slamdunk
[2025-06-19 08:03:30,214] multiqc                                            [DEBUG  ]  No samples found: star
[2025-06-19 08:03:30,220] multiqc                                            [DEBUG  ]  No samples found: hisat2
[2025-06-19 08:03:30,227] multiqc                                            [DEBUG  ]  No samples found: tophat
[2025-06-19 08:03:30,236] multiqc                                            [DEBUG  ]  No samples found: bowtie2
[2025-06-19 08:03:30,243] multiqc                                            [DEBUG  ]  No samples found: bowtie1
[2025-06-19 08:03:30,249] multiqc                                            [DEBUG  ]  No samples found: kat
[2025-06-19 08:03:30,255] multiqc                                            [DEBUG  ]  No samples found: leehom
[2025-06-19 08:03:30,261] multiqc                                            [DEBUG  ]  No samples found: adapterRemoval
[2025-06-19 08:03:30,267] multiqc                                            [DEBUG  ]  No samples found: clipandmerge
[2025-06-19 08:03:30,274] multiqc                                            [DEBUG  ]  No samples found: cutadapt
[2025-06-19 08:03:30,280] multiqc                                            [DEBUG  ]  No samples found: flexbar
[2025-06-19 08:03:30,286] multiqc                                            [DEBUG  ]  No samples found: trimmomatic
[2025-06-19 08:03:30,291] multiqc                                            [DEBUG  ]  No samples found: skewer
[2025-06-19 08:03:30,298] multiqc                                            [DEBUG  ]  No samples found: sortmerna
[2025-06-19 08:03:30,304] multiqc                                            [DEBUG  ]  No samples found: biobloomtools
[2025-06-19 08:03:30,310] multiqc                                            [DEBUG  ]  No samples found: fastq_screen
[2025-06-19 08:03:30,316] multiqc                                            [DEBUG  ]  No samples found: afterqc
[2025-06-19 08:03:30,323] multiqc                                            [DEBUG  ]  No samples found: fastp
[2025-06-19 08:03:30,957] multiqc.modules.fastqc.fastqc                      [INFO   ]  Found 24 reports
[2025-06-19 08:03:31,122] multiqc                                            [DEBUG  ]  No samples found: minionqc
[2025-06-19 08:03:31,129] multiqc                                            [DEBUG  ]  No samples found: clusterflow
[2025-06-19 08:03:31,135] multiqc                                            [DEBUG  ]  No samples found: bcl2fastq
[2025-06-19 08:03:31,142] multiqc                                            [DEBUG  ]  No samples found: interop
[2025-06-19 08:03:31,148] multiqc                                            [DEBUG  ]  No samples found: flash
[2025-06-19 08:03:31,176] multiqc                                            [INFO   ]  Compressing plot data
[2025-06-19 08:03:31,558] multiqc                                            [INFO   ]  Report      : qc_trimmed_new/multiqc_report.html
[2025-06-19 08:03:31,558] multiqc                                            [INFO   ]  Data        : qc_trimmed_new/multiqc_data
[2025-06-19 08:03:31,559] multiqc                                            [DEBUG  ]  Moving data file from '/scratch/tmp.34830801.saleka/tmpd_oi9qr3/multiqc_data/multiqc_fastqc.txt' to 'qc_trimmed_new/multiqc_data'
[2025-06-19 08:03:31,564] multiqc                                            [DEBUG  ]  Moving data file from '/scratch/tmp.34830801.saleka/tmpd_oi9qr3/multiqc_data/multiqc_general_stats.txt' to 'qc_trimmed_new/multiqc_data'
[2025-06-19 08:03:31,569] multiqc                                            [DEBUG  ]  Moving data file from '/scratch/tmp.34830801.saleka/tmpd_oi9qr3/multiqc_data/multiqc_sources.txt' to 'qc_trimmed_new/multiqc_data'
[2025-06-19 08:03:31,574] multiqc                                            [DEBUG  ]  Moving data file from '/scratch/tmp.34830801.saleka/tmpd_oi9qr3/multiqc_data/multiqc_data.json' to 'qc_trimmed_new/multiqc_data'
[2025-06-19 08:03:31,735] multiqc                                            [INFO   ]  MultiQC complete
